<?xml version="1.0" encoding="UTF-8"?>
<testng-results ignored="0" total="1" passed="1" failed="0" skipped="0">
  <reporter-output>
  </reporter-output>
  <suite started-at="2023-04-19T12:39:43 IST" name="Default suite" finished-at="2023-04-19T12:40:47 IST" duration-ms="63764">
    <groups>
    </groups>
    <test started-at="2023-04-19T12:39:43 IST" name="Default test" finished-at="2023-04-19T12:40:47 IST" duration-ms="63764">
      <class name="yatra.task">
        <test-method signature="f()[pri:0, instance:yatra.task@67c27493]" started-at="2023-04-19T12:39:43 IST" name="f" finished-at="2023-04-19T12:40:47 IST" duration-ms="63714" status="PASS">
          <reporter-output>
          </reporter-output>
        </test-method> <!-- f -->
      </class> <!-- yatra.task -->
    </test> <!-- Default test -->
  </suite> <!-- Default suite -->
</testng-results>
